<?xml version="1.0" encoding="UTF-8"?>
<!-- Generated by org.testng.reporters.JUnitReportReporter -->
<testsuite hostname="AnitaShankar" failures="0" tests="1" name="campaignTestUsingTestNG.CreateCampaignWithExpectedCloseDateFieldTest" time="19.178" errors="0" timestamp="2025-06-11T20:29:12 IST" skipped="0">
  <testcase classname="campaignTestUsingTestNG.CreateCampaignWithExpectedCloseDateFieldTest" name="ExpectedCloseDate" time="19.178"/>
</testsuite> <!-- campaignTestUsingTestNG.CreateCampaignWithExpectedCloseDateFieldTest -->
